<?xml version="1.0" encoding="UTF-8"?>
<!-- Generated by org.testng.reporters.JUnitXMLReporter -->
<testsuite ignored="0" hostname="LAPTOP-BMAF7UQC" failures="0" tests="6" name="Test" time="52.629" errors="0" timestamp="2024-08-02T11:01:15 IST">
  <testcase classname="testCases.TC003_LoginDDT" name="verify_loginDDT" time="6.144"/>
  <testcase classname="testCases.TC003_LoginDDT" name="verify_loginDDT" time="5.191"/>
  <testcase classname="testCases.TC003_LoginDDT" name="verify_loginDDT" time="7.351"/>
  <testcase classname="testCases.TC003_LoginDDT" name="verify_loginDDT" time="10.241"/>
  <testcase classname="testCases.TC003_LoginDDT" name="verify_loginDDT" time="5.361"/>
  <testcase classname="testCases.TC003_LoginDDT" name="verify_loginDDT" time="9.856"/>
</testsuite> <!-- Test -->
